<html>
<head>
<title>TestNG:  Default test</title>
<link href="../testng.css" rel="stylesheet" type="text/css" />
<link href="../my-testng.css" rel="stylesheet" type="text/css" />

<style type="text/css">
.log { display: none;} 
.stack-trace { display: none;} 
</style>
<script type="text/javascript">
<!--
function flip(e) {
  current = e.style.display;
  if (current == 'block') {
    e.style.display = 'none';
    return 0;
  }
  else {
    e.style.display = 'block';
    return 1;
  }
}

function toggleBox(szDivId, elem, msg1, msg2)
{
  var res = -1;  if (document.getElementById) {
    res = flip(document.getElementById(szDivId));
  }
  else if (document.all) {
    // this is the way old msie versions work
    res = flip(document.all[szDivId]);
  }
  if(elem) {
    if(res == 0) elem.innerHTML = msg1; else elem.innerHTML = msg2;
  }

}

function toggleAllBoxes() {
  if (document.getElementsByTagName) {
    d = document.getElementsByTagName('div');
    for (i = 0; i < d.length; i++) {
      if (d[i].className == 'log') {
        flip(d[i]);
      }
    }
  }
}

// -->
</script>

</head>
<body>
<h2 align='center'>Default test</h2><table border='1' align="center">
<tr>
<td>Tests passed/Failed/Skipped:</td><td>0/1/0</td>
</tr><tr>
<td>Started on:</td><td>Fri Sep 20 15:20:36 IST 2019</td>
</tr>
<tr><td>Total time:</td><td>7 seconds (7785 ms)</td>
</tr><tr>
<td>Included groups:</td><td></td>
</tr><tr>
<td>Excluded groups:</td><td></td>
</tr>
</table><p/>
<small><i>(Hover the method name to see the test class name)</i></small><p/>
<table width='100%' border='1' class='invocation-failed'>
<tr><td colspan='4' align='center'><b>FAILED TESTS</b></td></tr>
<tr><td><b>Test method</b></td>
<td width="30%"><b>Exception</b></td>
<td width="10%"><b>Time (seconds)</b></td>
<td><b>Instance</b></td>
</tr>
<tr>
<td title='com.test.ExtentReports.f()'><b>f</b><br>Test class: com.test.ExtentReports</td>
<td><div><pre>org.openqa.selenium.SessionNotCreatedException: session not created
from disconnected: received Inspector.detached event
  (Session info: chrome=77.0.3865.90)
Build info: version: &apos;3.141.59&apos;, revision: &apos;e82be7d358&apos;, time: &apos;2018-11-14T08:17:03&apos;
System info: host: &apos;BDC6-DX-6B89NK2&apos;, ip: &apos;10.116.240.198&apos;, os.name: &apos;Windows 10&apos;, os.arch: &apos;amd64&apos;, os.version: &apos;10.0&apos;, java.version: &apos;1.8.0_201&apos;
Driver info: driver.version: ChromeDriver
remote stacktrace: Backtrace:
	Ordinal0 [0x010DEB13+1501971]
	Ordinal0 [0x0105F6D1+980689]
	Ordinal0 [0x00FE765F+489055]
	Ordinal0 [0x00FE02B5+459445]
	Ordinal0 [0x00FDFEA4+458404]
	Ordinal0 [0x00FDFA1D+457245]
	Ordinal0 [0x00FDF21D+455197]
	Ordinal0 [0x00FDEDE4+454116]
	Ordinal0 [0x00FDEDA5+454053]
	Ordinal0 [0x00FE6525+484645]
	Ordinal0 [0x00FDED5C+453980]
	Ordinal0 [0x00FDF6D1+456401]
	Ordinal0 [0x00FDF21D+455197]
	Ordinal0 [0x00FDEDE4+454116]
	Ordinal0 [0x00FDEDA5+454053]
	Ordinal0 [0x00FE4ECE+478926]
	Ordinal0 [0x00FDED5C+453980]
	Ordinal0 [0x00FDF6D1+456401]
	Ordinal0 [0x00FDF21D+455197]
	Ordinal0 [0x00FDEDE4+454116]
	Ordinal0 [0x00FDEDA5+454053]
	Ordinal0 [0x00FE365B+472667]
	Ordinal0 [0x00FDED5C+453980]
	Ordinal0 [0x00FDF6D1+456401]
	Ordinal0 [0x00FDF21D+455197]
	Ordinal0 [0x00FDEDE4+454116]
	Ordinal0 [0x00FDEDA5+454053]
	Ordinal0 [0x00FE2C67+470119]
	Ordinal0 [0x00FDED5C+453980]
	Ordinal0 [0x00FDF6D1+456401]
	Ordinal0 [0x00FDF21D+455197]
	Ordinal0 [0x00FDEDE4+454116]
	Ordinal0 [0x00FDEDA5+454053]
	Ordinal0 [0x00FDBA0C+440844]
	Ordinal0 [0x00FDED5C+453980]
	Ordinal0 [0x00FDEC44+453700]
	Ordinal0 [0x00FE8330+492336]
	Ordinal0 [0x00F9A108+172296]
	Ordinal0 [0x00F9942D+169005]
	Ordinal0 [0x00F978EB+162027]
	Ordinal0 [0x00F80AC7+68295]
	Ordinal0 [0x00F81B40+72512]
	Ordinal0 [0x00F81AD9+72409]
	Ordinal0 [0x01078F37+1085239]
	GetHandleVerifier [0x0117D7ED+503293]
	GetHandleVerifier [0x0117D580+502672]
	GetHandleVerifier [0x011846AC+531644]
	GetHandleVerifier [0x0117DFFA+505354]
	Ordinal0 [0x01070606+1050118]
	Ordinal0 [0x0107047F+1049727]
	Ordinal0 [0x0107AF9B+1093531]
	Ordinal0 [0x0107B103+1093891]
	Ordinal0 [0x0107A095+1089685]
	BaseThreadInitThunk [0x769A0419+25]
	RtlGetAppContainerNamedObjectPath [0x7757662D+237]
	RtlGetAppContainerNamedObjectPath [0x775765FD+189]

	at sun.reflect.NativeConstructorAccessorImpl.newInstance0(Native Method)
	at sun.reflect.NativeConstructorAccessorImpl.newInstance(Unknown Source)
	at sun.reflect.DelegatingConstructorAccessorImpl.newInstance(Unknown Source)
	at java.lang.reflect.Constructor.newInstance(Unknown Source)
	at org.openqa.selenium.remote.W3CHandshakeResponse.lambda$errorHandler$0(W3CHandshakeResponse.java:62)
	at org.openqa.selenium.remote.HandshakeResponse.lambda$getResponseFunction$0(HandshakeResponse.java:30)
	at org.openqa.selenium.remote.ProtocolHandshake.lambda$createSession$0(ProtocolHandshake.java:126)
	at java.util.stream.ReferencePipeline$3$1.accept(Unknown Source)
	at java.util.Spliterators$ArraySpliterator.tryAdvance(Unknown Source)
	at java.util.stream.ReferencePipeline.forEachWithCancel(Unknown Source)
	at java.util.stream.AbstractPipeline.copyIntoWithCancel(Unknown Source)
	at java.util.stream.AbstractPipeline.copyInto(Unknown Source)
	at java.util.stream.AbstractPipeline.wrapAndCopyInto(Unknown Source)
	at java.util.stream.FindOps$FindOp.evaluateSequential(Unknown Source)
	at java.util.stream.AbstractPipeline.evaluate(Unknown Source)
	at java.util.stream.ReferencePipeline.findFirst(Unknown Source)
	at org.openqa.selenium.remote.ProtocolHandshake.createSession(ProtocolHandshake.java:128)
	at org.openqa.selenium.remote.ProtocolHandshake.createSession(ProtocolHandshake.java:74)
	at org.openqa.selenium.remote.HttpCommandExecutor.execute(HttpCommandExecutor.java:136)
	at org.openqa.selenium.remote.service.DriverCommandExecutor.execute(DriverCommandExecutor.java:83)
	at org.openqa.selenium.remote.RemoteWebDriver.execute(RemoteWebDriver.java:552)
	at org.openqa.selenium.remote.RemoteWebDriver.startSession(RemoteWebDriver.java:213)
	at org.openqa.selenium.remote.RemoteWebDriver.&lt;init&gt;(RemoteWebDriver.java:131)
	at org.openqa.selenium.chrome.ChromeDriver.&lt;init&gt;(ChromeDriver.java:181)
	at org.openqa.selenium.chrome.ChromeDriver.&lt;init&gt;(ChromeDriver.java:168)
	at org.openqa.selenium.chrome.ChromeDriver.&lt;init&gt;(ChromeDriver.java:123)
	at com.test.TestNG_1.getDriver(TestNG_1.java:13)
	at com.test.ExtentReports.f(ExtentReports.java:31)
	at sun.reflect.NativeMethodAccessorImpl.invoke0(Native Method)
	at sun.reflect.NativeMethodAccessorImpl.invoke(Unknown Source)
	at sun.reflect.DelegatingMethodAccessorImpl.invoke(Unknown Source)
	at java.lang.reflect.Method.invoke(Unknown Source)
	at org.testng.internal.MethodInvocationHelper.invokeMethod(MethodInvocationHelper.java:124)
	at org.testng.internal.Invoker.invokeMethod(Invoker.java:580)
	at org.testng.internal.Invoker.invokeTestMethod(Invoker.java:716)
	at org.testng.internal.Invoker.invokeTestMethods(Invoker.java:988)
	at org.testng.internal.TestMethodWorker.invokeTestMethods(TestMethodWorker.java:125)
	at org.testng.internal.TestMethodWorker.run(TestMethodWorker.java:109)
	at org.testng.TestRunner.privateRun(TestRunner.java:648)
	at org.testng.TestRunner.run(TestRunner.java:505)
	at org.testng.SuiteRunner.runTest(SuiteRunner.java:455)
	at org.testng.SuiteRunner.runSequentially(SuiteRunner.java:450)
	at org.testng.SuiteRunner.privateRun(SuiteRunner.java:415)
	at org.testng.SuiteRunner.run(SuiteRunner.java:364)
	at org.testng.SuiteRunnerWorker.runSuite(SuiteRunnerWorker.java:52)
	at org.testng.SuiteRunnerWorker.run(SuiteRunnerWorker.java:84)
	at org.testng.TestNG.runSuitesSequentially(TestNG.java:1208)
	at org.testng.TestNG.runSuitesLocally(TestNG.java:1137)
	at org.testng.TestNG.runSuites(TestNG.java:1049)
	at org.testng.TestNG.run(TestNG.java:1017)
	at org.testng.remote.AbstractRemoteTestNG.run(AbstractRemoteTestNG.java:114)
	at org.testng.remote.RemoteTestNG.initAndRun(RemoteTestNG.java:251)
	at org.testng.remote.RemoteTestNG.main(RemoteTestNG.java:77)
</pre></div><a href='#' onClick='toggleBox("stack-trace872306601", this, "Click to show all stack frames", "Click to hide stack frames")'>Click to show all stack frames</a>
<div class='stack-trace' id='stack-trace872306601'><pre>org.openqa.selenium.SessionNotCreatedException: session not created
from disconnected: received Inspector.detached event
  (Session info: chrome=77.0.3865.90)
Build info: version: &apos;3.141.59&apos;, revision: &apos;e82be7d358&apos;, time: &apos;2018-11-14T08:17:03&apos;
System info: host: &apos;BDC6-DX-6B89NK2&apos;, ip: &apos;10.116.240.198&apos;, os.name: &apos;Windows 10&apos;, os.arch: &apos;amd64&apos;, os.version: &apos;10.0&apos;, java.version: &apos;1.8.0_201&apos;
Driver info: driver.version: ChromeDriver
remote stacktrace: Backtrace:
	Ordinal0 [0x010DEB13+1501971]
	Ordinal0 [0x0105F6D1+980689]
	Ordinal0 [0x00FE765F+489055]
	Ordinal0 [0x00FE02B5+459445]
	Ordinal0 [0x00FDFEA4+458404]
	Ordinal0 [0x00FDFA1D+457245]
	Ordinal0 [0x00FDF21D+455197]
	Ordinal0 [0x00FDEDE4+454116]
	Ordinal0 [0x00FDEDA5+454053]
	Ordinal0 [0x00FE6525+484645]
	Ordinal0 [0x00FDED5C+453980]
	Ordinal0 [0x00FDF6D1+456401]
	Ordinal0 [0x00FDF21D+455197]
	Ordinal0 [0x00FDEDE4+454116]
	Ordinal0 [0x00FDEDA5+454053]
	Ordinal0 [0x00FE4ECE+478926]
	Ordinal0 [0x00FDED5C+453980]
	Ordinal0 [0x00FDF6D1+456401]
	Ordinal0 [0x00FDF21D+455197]
	Ordinal0 [0x00FDEDE4+454116]
	Ordinal0 [0x00FDEDA5+454053]
	Ordinal0 [0x00FE365B+472667]
	Ordinal0 [0x00FDED5C+453980]
	Ordinal0 [0x00FDF6D1+456401]
	Ordinal0 [0x00FDF21D+455197]
	Ordinal0 [0x00FDEDE4+454116]
	Ordinal0 [0x00FDEDA5+454053]
	Ordinal0 [0x00FE2C67+470119]
	Ordinal0 [0x00FDED5C+453980]
	Ordinal0 [0x00FDF6D1+456401]
	Ordinal0 [0x00FDF21D+455197]
	Ordinal0 [0x00FDEDE4+454116]
	Ordinal0 [0x00FDEDA5+454053]
	Ordinal0 [0x00FDBA0C+440844]
	Ordinal0 [0x00FDED5C+453980]
	Ordinal0 [0x00FDEC44+453700]
	Ordinal0 [0x00FE8330+492336]
	Ordinal0 [0x00F9A108+172296]
	Ordinal0 [0x00F9942D+169005]
	Ordinal0 [0x00F978EB+162027]
	Ordinal0 [0x00F80AC7+68295]
	Ordinal0 [0x00F81B40+72512]
	Ordinal0 [0x00F81AD9+72409]
	Ordinal0 [0x01078F37+1085239]
	GetHandleVerifier [0x0117D7ED+503293]
	GetHandleVerifier [0x0117D580+502672]
	GetHandleVerifier [0x011846AC+531644]
	GetHandleVerifier [0x0117DFFA+505354]
	Ordinal0 [0x01070606+1050118]
	Ordinal0 [0x0107047F+1049727]
	Ordinal0 [0x0107AF9B+1093531]
	Ordinal0 [0x0107B103+1093891]
	Ordinal0 [0x0107A095+1089685]
	BaseThreadInitThunk [0x769A0419+25]
	RtlGetAppContainerNamedObjectPath [0x7757662D+237]
	RtlGetAppContainerNamedObjectPath [0x775765FD+189]

	at sun.reflect.NativeConstructorAccessorImpl.newInstance0(Native Method)
	at sun.reflect.NativeConstructorAccessorImpl.newInstance(Unknown Source)
	at sun.reflect.DelegatingConstructorAccessorImpl.newInstance(Unknown Source)
	at java.lang.reflect.Constructor.newInstance(Unknown Source)
	at org.openqa.selenium.remote.W3CHandshakeResponse.lambda$errorHandler$0(W3CHandshakeResponse.java:62)
	at org.openqa.selenium.remote.HandshakeResponse.lambda$getResponseFunction$0(HandshakeResponse.java:30)
	at org.openqa.selenium.remote.ProtocolHandshake.lambda$createSession$0(ProtocolHandshake.java:126)
	at java.util.stream.ReferencePipeline$3$1.accept(Unknown Source)
	at java.util.Spliterators$ArraySpliterator.tryAdvance(Unknown Source)
	at java.util.stream.ReferencePipeline.forEachWithCancel(Unknown Source)
	at java.util.stream.AbstractPipeline.copyIntoWithCancel(Unknown Source)
	at java.util.stream.AbstractPipeline.copyInto(Unknown Source)
	at java.util.stream.AbstractPipeline.wrapAndCopyInto(Unknown Source)
	at java.util.stream.FindOps$FindOp.evaluateSequential(Unknown Source)
	at java.util.stream.AbstractPipeline.evaluate(Unknown Source)
	at java.util.stream.ReferencePipeline.findFirst(Unknown Source)
	at org.openqa.selenium.remote.ProtocolHandshake.createSession(ProtocolHandshake.java:128)
	at org.openqa.selenium.remote.ProtocolHandshake.createSession(ProtocolHandshake.java:74)
	at org.openqa.selenium.remote.HttpCommandExecutor.execute(HttpCommandExecutor.java:136)
	at org.openqa.selenium.remote.service.DriverCommandExecutor.execute(DriverCommandExecutor.java:83)
	at org.openqa.selenium.remote.RemoteWebDriver.execute(RemoteWebDriver.java:552)
	at org.openqa.selenium.remote.RemoteWebDriver.startSession(RemoteWebDriver.java:213)
	at org.openqa.selenium.remote.RemoteWebDriver.&lt;init&gt;(RemoteWebDriver.java:131)
	at org.openqa.selenium.chrome.ChromeDriver.&lt;init&gt;(ChromeDriver.java:181)
	at org.openqa.selenium.chrome.ChromeDriver.&lt;init&gt;(ChromeDriver.java:168)
	at org.openqa.selenium.chrome.ChromeDriver.&lt;init&gt;(ChromeDriver.java:123)
	at com.test.TestNG_1.getDriver(TestNG_1.java:13)
	at com.test.ExtentReports.f(ExtentReports.java:31)
	at sun.reflect.NativeMethodAccessorImpl.invoke0(Native Method)
	at sun.reflect.NativeMethodAccessorImpl.invoke(Unknown Source)
	at sun.reflect.DelegatingMethodAccessorImpl.invoke(Unknown Source)
	at java.lang.reflect.Method.invoke(Unknown Source)
	at org.testng.internal.MethodInvocationHelper.invokeMethod(MethodInvocationHelper.java:124)
	at org.testng.internal.Invoker.invokeMethod(Invoker.java:580)
	at org.testng.internal.Invoker.invokeTestMethod(Invoker.java:716)
	at org.testng.internal.Invoker.invokeTestMethods(Invoker.java:988)
	at org.testng.internal.TestMethodWorker.invokeTestMethods(TestMethodWorker.java:125)
	at org.testng.internal.TestMethodWorker.run(TestMethodWorker.java:109)
	at org.testng.TestRunner.privateRun(TestRunner.java:648)
	at org.testng.TestRunner.run(TestRunner.java:505)
	at org.testng.SuiteRunner.runTest(SuiteRunner.java:455)
	at org.testng.SuiteRunner.runSequentially(SuiteRunner.java:450)
	at org.testng.SuiteRunner.privateRun(SuiteRunner.java:415)
	at org.testng.SuiteRunner.run(SuiteRunner.java:364)
	at org.testng.SuiteRunnerWorker.runSuite(SuiteRunnerWorker.java:52)
	at org.testng.SuiteRunnerWorker.run(SuiteRunnerWorker.java:84)
	at org.testng.TestNG.runSuitesSequentially(TestNG.java:1208)
	at org.testng.TestNG.runSuitesLocally(TestNG.java:1137)
	at org.testng.TestNG.runSuites(TestNG.java:1049)
	at org.testng.TestNG.run(TestNG.java:1017)
	at org.testng.remote.AbstractRemoteTestNG.run(AbstractRemoteTestNG.java:114)
	at org.testng.remote.RemoteTestNG.initAndRun(RemoteTestNG.java:251)
	at org.testng.remote.RemoteTestNG.main(RemoteTestNG.java:77)
</pre></div></td>
<td>7</td>
<td>com.test.ExtentReports@4501b7af</td></tr>
</table><p>
</body>
</html>