<?xml version="1.0" encoding="UTF-8"?>
<!-- Generated by org.testng.reporters.JUnitReportReporter -->
<testsuite skipped="0" hostname="BDC6-DX-6B89NK2" name="com.test.ExtentReports" tests="1" failures="0" timestamp="20 Sep 2019 09:50:44 GMT" time="7.717" errors="1">
  <testcase name="f" time="7.717" classname="com.test.ExtentReports">
    <error type="org.openqa.selenium.SessionNotCreatedException" message="session not created
from disconnected: received Inspector.detached event
  (Session info: chrome=77.0.3865.90)
Build info: version: &#039;3.141.59&#039;, revision: &#039;e82be7d358&#039;, time: &#039;2018-11-14T08:17:03&#039;
System info: host: &#039;BDC6-DX-6B89NK2&#039;, ip: &#039;10.116.240.198&#039;, os.name: &#039;Windows 10&#039;, os.arch: &#039;amd64&#039;, os.version: &#039;10.0&#039;, java.version: &#039;1.8.0_201&#039;
Driver info: driver.version: ChromeDriver
remote stacktrace: Backtrace:
	Ordinal0 [0x010DEB13+1501971]
	Ordinal0 [0x0105F6D1+980689]
	Ordinal0 [0x00FE765F+489055]
	Ordinal0 [0x00FE02B5+459445]
	Ordinal0 [0x00FDFEA4+458404]
	Ordinal0 [0x00FDFA1D+457245]
	Ordinal0 [0x00FDF21D+455197]
	Ordinal0 [0x00FDEDE4+454116]
	Ordinal0 [0x00FDEDA5+454053]
	Ordinal0 [0x00FE6525+484645]
	Ordinal0 [0x00FDED5C+453980]
	Ordinal0 [0x00FDF6D1+456401]
	Ordinal0 [0x00FDF21D+455197]
	Ordinal0 [0x00FDEDE4+454116]
	Ordinal0 [0x00FDEDA5+454053]
	Ordinal0 [0x00FE4ECE+478926]
	Ordinal0 [0x00FDED5C+453980]
	Ordinal0 [0x00FDF6D1+456401]
	Ordinal0 [0x00FDF21D+455197]
	Ordinal0 [0x00FDEDE4+454116]
	Ordinal0 [0x00FDEDA5+454053]
	Ordinal0 [0x00FE365B+472667]
	Ordinal0 [0x00FDED5C+453980]
	Ordinal0 [0x00FDF6D1+456401]
	Ordinal0 [0x00FDF21D+455197]
	Ordinal0 [0x00FDEDE4+454116]
	Ordinal0 [0x00FDEDA5+454053]
	Ordinal0 [0x00FE2C67+470119]
	Ordinal0 [0x00FDED5C+453980]
	Ordinal0 [0x00FDF6D1+456401]
	Ordinal0 [0x00FDF21D+455197]
	Ordinal0 [0x00FDEDE4+454116]
	Ordinal0 [0x00FDEDA5+454053]
	Ordinal0 [0x00FDBA0C+440844]
	Ordinal0 [0x00FDED5C+453980]
	Ordinal0 [0x00FDEC44+453700]
	Ordinal0 [0x00FE8330+492336]
	Ordinal0 [0x00F9A108+172296]
	Ordinal0 [0x00F9942D+169005]
	Ordinal0 [0x00F978EB+162027]
	Ordinal0 [0x00F80AC7+68295]
	Ordinal0 [0x00F81B40+72512]
	Ordinal0 [0x00F81AD9+72409]
	Ordinal0 [0x01078F37+1085239]
	GetHandleVerifier [0x0117D7ED+503293]
	GetHandleVerifier [0x0117D580+502672]
	GetHandleVerifier [0x011846AC+531644]
	GetHandleVerifier [0x0117DFFA+505354]
	Ordinal0 [0x01070606+1050118]
	Ordinal0 [0x0107047F+1049727]
	Ordinal0 [0x0107AF9B+1093531]
	Ordinal0 [0x0107B103+1093891]
	Ordinal0 [0x0107A095+1089685]
	BaseThreadInitThunk [0x769A0419+25]
	RtlGetAppContainerNamedObjectPath [0x7757662D+237]
	RtlGetAppContainerNamedObjectPath [0x775765FD+189]
">
      <![CDATA[org.openqa.selenium.SessionNotCreatedException: session not created
from disconnected: received Inspector.detached event
  (Session info: chrome=77.0.3865.90)
Build info: version: '3.141.59', revision: 'e82be7d358', time: '2018-11-14T08:17:03'
System info: host: 'BDC6-DX-6B89NK2', ip: '10.116.240.198', os.name: 'Windows 10', os.arch: 'amd64', os.version: '10.0', java.version: '1.8.0_201'
Driver info: driver.version: ChromeDriver
remote stacktrace: Backtrace:
Ordinal0 [0x010DEB13+1501971]
Ordinal0 [0x0105F6D1+980689]
Ordinal0 [0x00FE765F+489055]
Ordinal0 [0x00FE02B5+459445]
Ordinal0 [0x00FDFEA4+458404]
Ordinal0 [0x00FDFA1D+457245]
Ordinal0 [0x00FDF21D+455197]
Ordinal0 [0x00FDEDE4+454116]
Ordinal0 [0x00FDEDA5+454053]
Ordinal0 [0x00FE6525+484645]
Ordinal0 [0x00FDED5C+453980]
Ordinal0 [0x00FDF6D1+456401]
Ordinal0 [0x00FDF21D+455197]
Ordinal0 [0x00FDEDE4+454116]
Ordinal0 [0x00FDEDA5+454053]
Ordinal0 [0x00FE4ECE+478926]
Ordinal0 [0x00FDED5C+453980]
Ordinal0 [0x00FDF6D1+456401]
Ordinal0 [0x00FDF21D+455197]
Ordinal0 [0x00FDEDE4+454116]
Ordinal0 [0x00FDEDA5+454053]
Ordinal0 [0x00FE365B+472667]
Ordinal0 [0x00FDED5C+453980]
Ordinal0 [0x00FDF6D1+456401]
Ordinal0 [0x00FDF21D+455197]
Ordinal0 [0x00FDEDE4+454116]
Ordinal0 [0x00FDEDA5+454053]
Ordinal0 [0x00FE2C67+470119]
Ordinal0 [0x00FDED5C+453980]
Ordinal0 [0x00FDF6D1+456401]
Ordinal0 [0x00FDF21D+455197]
Ordinal0 [0x00FDEDE4+454116]
Ordinal0 [0x00FDEDA5+454053]
Ordinal0 [0x00FDBA0C+440844]
Ordinal0 [0x00FDED5C+453980]
Ordinal0 [0x00FDEC44+453700]
Ordinal0 [0x00FE8330+492336]
Ordinal0 [0x00F9A108+172296]
Ordinal0 [0x00F9942D+169005]
Ordinal0 [0x00F978EB+162027]
Ordinal0 [0x00F80AC7+68295]
Ordinal0 [0x00F81B40+72512]
Ordinal0 [0x00F81AD9+72409]
Ordinal0 [0x01078F37+1085239]
GetHandleVerifier [0x0117D7ED+503293]
GetHandleVerifier [0x0117D580+502672]
GetHandleVerifier [0x011846AC+531644]
GetHandleVerifier [0x0117DFFA+505354]
Ordinal0 [0x01070606+1050118]
Ordinal0 [0x0107047F+1049727]
Ordinal0 [0x0107AF9B+1093531]
Ordinal0 [0x0107B103+1093891]
Ordinal0 [0x0107A095+1089685]
BaseThreadInitThunk [0x769A0419+25]
RtlGetAppContainerNamedObjectPath [0x7757662D+237]
RtlGetAppContainerNamedObjectPath [0x775765FD+189]

at sun.reflect.NativeConstructorAccessorImpl.newInstance0(Native Method)
at sun.reflect.NativeConstructorAccessorImpl.newInstance(Unknown Source)
at sun.reflect.DelegatingConstructorAccessorImpl.newInstance(Unknown Source)
at java.lang.reflect.Constructor.newInstance(Unknown Source)
at org.openqa.selenium.remote.W3CHandshakeResponse.lambda$errorHandler$0(W3CHandshakeResponse.java:62)
at org.openqa.selenium.remote.HandshakeResponse.lambda$getResponseFunction$0(HandshakeResponse.java:30)
at org.openqa.selenium.remote.ProtocolHandshake.lambda$createSession$0(ProtocolHandshake.java:126)
at java.util.stream.ReferencePipeline$3$1.accept(Unknown Source)
at java.util.Spliterators$ArraySpliterator.tryAdvance(Unknown Source)
at java.util.stream.ReferencePipeline.forEachWithCancel(Unknown Source)
at java.util.stream.AbstractPipeline.copyIntoWithCancel(Unknown Source)
at java.util.stream.AbstractPipeline.copyInto(Unknown Source)
at java.util.stream.AbstractPipeline.wrapAndCopyInto(Unknown Source)
at java.util.stream.FindOps$FindOp.evaluateSequential(Unknown Source)
at java.util.stream.AbstractPipeline.evaluate(Unknown Source)
at java.util.stream.ReferencePipeline.findFirst(Unknown Source)
at org.openqa.selenium.remote.ProtocolHandshake.createSession(ProtocolHandshake.java:128)
at org.openqa.selenium.remote.ProtocolHandshake.createSession(ProtocolHandshake.java:74)
at org.openqa.selenium.remote.HttpCommandExecutor.execute(HttpCommandExecutor.java:136)
at org.openqa.selenium.remote.service.DriverCommandExecutor.execute(DriverCommandExecutor.java:83)
at org.openqa.selenium.remote.RemoteWebDriver.execute(RemoteWebDriver.java:552)
at org.openqa.selenium.remote.RemoteWebDriver.startSession(RemoteWebDriver.java:213)
at org.openqa.selenium.remote.RemoteWebDriver.<init>(RemoteWebDriver.java:131)
at org.openqa.selenium.chrome.ChromeDriver.<init>(ChromeDriver.java:181)
at org.openqa.selenium.chrome.ChromeDriver.<init>(ChromeDriver.java:168)
at org.openqa.selenium.chrome.ChromeDriver.<init>(ChromeDriver.java:123)
at com.test.TestNG_1.getDriver(TestNG_1.java:13)
at com.test.ExtentReports.f(ExtentReports.java:31)
at sun.reflect.NativeMethodAccessorImpl.invoke0(Native Method)
at sun.reflect.NativeMethodAccessorImpl.invoke(Unknown Source)
at sun.reflect.DelegatingMethodAccessorImpl.invoke(Unknown Source)
at java.lang.reflect.Method.invoke(Unknown Source)
at org.testng.internal.MethodInvocationHelper.invokeMethod(MethodInvocationHelper.java:124)
at org.testng.internal.Invoker.invokeMethod(Invoker.java:580)
at org.testng.internal.Invoker.invokeTestMethod(Invoker.java:716)
at org.testng.internal.Invoker.invokeTestMethods(Invoker.java:988)
at org.testng.internal.TestMethodWorker.invokeTestMethods(TestMethodWorker.java:125)
at org.testng.internal.TestMethodWorker.run(TestMethodWorker.java:109)
at org.testng.TestRunner.privateRun(TestRunner.java:648)
at org.testng.TestRunner.run(TestRunner.java:505)
at org.testng.SuiteRunner.runTest(SuiteRunner.java:455)
at org.testng.SuiteRunner.runSequentially(SuiteRunner.java:450)
at org.testng.SuiteRunner.privateRun(SuiteRunner.java:415)
at org.testng.SuiteRunner.run(SuiteRunner.java:364)
at org.testng.SuiteRunnerWorker.runSuite(SuiteRunnerWorker.java:52)
at org.testng.SuiteRunnerWorker.run(SuiteRunnerWorker.java:84)
at org.testng.TestNG.runSuitesSequentially(TestNG.java:1208)
at org.testng.TestNG.runSuitesLocally(TestNG.java:1137)
at org.testng.TestNG.runSuites(TestNG.java:1049)
at org.testng.TestNG.run(TestNG.java:1017)
at org.testng.remote.AbstractRemoteTestNG.run(AbstractRemoteTestNG.java:114)
at org.testng.remote.RemoteTestNG.initAndRun(RemoteTestNG.java:251)
at org.testng.remote.RemoteTestNG.main(RemoteTestNG.java:77)
]]>
    </error>
  </testcase> <!-- f -->
</testsuite> <!-- com.test.ExtentReports -->
